Build started 3/18/2018 8:11:33 PM.
     1>Project "C:\Users\ethan\Desktop\net-cpp\netcpp.vcxproj" on node 2 (build target(s)).
     1>InitializeBuildStatus:
         Touching "Debug\netcpp.unsuccessfulbuild".
       ClCompile:
         C:\Program Files (x86)\Microsoft Visual Studio 10.0\VC\bin\CL.exe /c /Zi /nologo /W3 /WX- /Od /Oy- /D WIN32 /D _DEBUG /D _WINDOWS /D _USRDLL /D NETCPP_EXPORTS /D _WINDLL /Gm /EHsc /RTC1 /MDd /GS /fp:precise /Zc:wchar_t /Zc:forScope /Fo"Debug\\" /Fd"Debug\vc100.pdb" /Gd /TP /analyze- /errorReport:prompt "src\netcpp\net\net-win.cpp"
         net-win.cpp
     1>src\netcpp\net\net-win.cpp(13): warning C4172: returning address of local variable or temporary
     1>src\netcpp\net\net-win.cpp(34): warning C4996: 'sprintf': This function or variable may be unsafe. Consider using sprintf_s instead. To disable deprecation, use _CRT_SECURE_NO_WARNINGS. See online help for details.
                 C:\Program Files (x86)\Microsoft Visual Studio 10.0\VC\include\stdio.h(371) : see declaration of 'sprintf'
       ManifestResourceCompile:
         C:\Program Files (x86)\Microsoft SDKs\Windows\v7.0A\bin\rc.exe /nologo /fo"Debug\netcpp.dll.embed.manifest.res" Debug\netcpp_manifest.rc 
       Link:
         C:\Program Files (x86)\Microsoft Visual Studio 10.0\VC\bin\link.exe /ERRORREPORT:PROMPT /OUT:"C:\Users\ethan\Desktop\net-cpp\Debug\netcpp.dll" /INCREMENTAL /NOLOGO kernel32.lib user32.lib gdi32.lib winspool.lib comdlg32.lib advapi32.lib shell32.lib ole32.lib oleaut32.lib uuid.lib odbc32.lib odbccp32.lib kernel32.lib user32.lib gdi32.lib winspool.lib comdlg32.lib advapi32.lib shell32.lib ole32.lib oleaut32.lib uuid.lib odbc32.lib odbccp32.lib ws2_32.lib /MANIFEST /ManifestFile:"Debug\netcpp.dll.intermediate.manifest" /MANIFESTUAC:"level='asInvoker' uiAccess='false'" /DEBUG /PDB:"C:\Users\ethan\Desktop\net-cpp\Debug\netcpp.pdb" /SUBSYSTEM:WINDOWS /TLBID:1 /DYNAMICBASE /NXCOMPAT /IMPLIB:"C:\Users\ethan\Desktop\net-cpp\Debug\netcpp.lib" /MACHINE:X86 /DLL Debug\netcpp.dll.embed.manifest.res
         "Debug\net-win.obj"
         "Debug\client-unix.obj"
         "Debug\net-unix.obj"
         "Debug\server-unix.obj"
       Manifest:
         C:\Program Files (x86)\Microsoft SDKs\Windows\v7.0A\bin\mt.exe /nologo /verbose /out:"Debug\netcpp.dll.embed.manifest" /manifest Debug\netcpp.dll.intermediate.manifest
         C:\Program Files (x86)\Microsoft SDKs\Windows\v7.0A\bin\rc.exe /nologo /fo"Debug\netcpp.dll.embed.manifest.res" Debug\netcpp_manifest.rc 
       LinkEmbedManifest:
         C:\Program Files (x86)\Microsoft Visual Studio 10.0\VC\bin\link.exe /ERRORREPORT:PROMPT /OUT:"C:\Users\ethan\Desktop\net-cpp\Debug\netcpp.dll" /INCREMENTAL /NOLOGO kernel32.lib user32.lib gdi32.lib winspool.lib comdlg32.lib advapi32.lib shell32.lib ole32.lib oleaut32.lib uuid.lib odbc32.lib odbccp32.lib kernel32.lib user32.lib gdi32.lib winspool.lib comdlg32.lib advapi32.lib shell32.lib ole32.lib oleaut32.lib uuid.lib odbc32.lib odbccp32.lib ws2_32.lib /MANIFEST /ManifestFile:"Debug\netcpp.dll.intermediate.manifest" /MANIFESTUAC:"level='asInvoker' uiAccess='false'" /DEBUG /PDB:"C:\Users\ethan\Desktop\net-cpp\Debug\netcpp.pdb" /SUBSYSTEM:WINDOWS /TLBID:1 /DYNAMICBASE /NXCOMPAT /IMPLIB:"C:\Users\ethan\Desktop\net-cpp\Debug\netcpp.lib" /MACHINE:X86 /DLL Debug\netcpp.dll.embed.manifest.res
         "Debug\net-win.obj"
         "Debug\client-unix.obj"
         "Debug\net-unix.obj"
         "Debug\server-unix.obj"
         netcpp.vcxproj -> C:\Users\ethan\Desktop\net-cpp\Debug\netcpp.dll
       FinalizeBuildStatus:
         Deleting file "Debug\netcpp.unsuccessfulbuild".
         Touching "Debug\netcpp.lastbuildstate".
     1>Done Building Project "C:\Users\ethan\Desktop\net-cpp\netcpp.vcxproj" (build target(s)).

Build succeeded.

Time Elapsed 00:00:03.06
