C:\Users\ethan\Desktop\net-cpp\Debug\cl.command.1.tlog
C:\Users\ethan\Desktop\net-cpp\Debug\CL.read.1.tlog
C:\Users\ethan\Desktop\net-cpp\Debug\CL.write.1.tlog
C:\USERS\ETHAN\DESKTOP\NET-CPP\DEBUG\CLIENT-UNIX.OBJ
C:\Users\ethan\Desktop\net-cpp\Debug\link.8804.read.1.tlog
C:\Users\ethan\Desktop\net-cpp\Debug\link.8804.write.1.tlog
C:\Users\ethan\Desktop\net-cpp\Debug\link.8804-cvtres.read.1.tlog
C:\Users\ethan\Desktop\net-cpp\Debug\link.8804-cvtres.write.1.tlog
C:\Users\ethan\Desktop\net-cpp\Debug\link.command.1.tlog
C:\Users\ethan\Desktop\net-cpp\Debug\link.read.1.tlog
C:\Users\ethan\Desktop\net-cpp\Debug\link.write.1.tlog
C:\Users\ethan\Desktop\net-cpp\Debug\link-cvtres.read.1.tlog
C:\Users\ethan\Desktop\net-cpp\Debug\link-cvtres.write.1.tlog
C:\Users\ethan\Desktop\net-cpp\Debug\mt.command.1.tlog
C:\Users\ethan\Desktop\net-cpp\Debug\mt.read.1.tlog
C:\Users\ethan\Desktop\net-cpp\Debug\mt.write.1.tlog
C:\USERS\ETHAN\DESKTOP\NET-CPP\DEBUG\NETCPP.DLL
C:\USERS\ETHAN\DESKTOP\NET-CPP\DEBUG\NETCPP.DLL.EMBED.MANIFEST
C:\USERS\ETHAN\DESKTOP\NET-CPP\DEBUG\NETCPP.DLL.EMBED.MANIFEST.RES
C:\USERS\ETHAN\DESKTOP\NET-CPP\DEBUG\NETCPP.DLL.INTERMEDIATE.MANIFEST
C:\USERS\ETHAN\DESKTOP\NET-CPP\DEBUG\NETCPP.ILK
C:\USERS\ETHAN\DESKTOP\NET-CPP\DEBUG\NETCPP.PDB
C:\Users\ethan\Desktop\net-cpp\Debug\netcpp.vcxprojResolveAssemblyReference.cache
C:\Users\ethan\Desktop\net-cpp\Debug\netcpp.write.1.tlog
C:\Users\ethan\Desktop\net-cpp\Debug\netcpp_manifest.rc
C:\USERS\ETHAN\DESKTOP\NET-CPP\DEBUG\NET-UNIX.OBJ
C:\USERS\ETHAN\DESKTOP\NET-CPP\DEBUG\NET-WIN.OBJ
C:\Users\ethan\Desktop\net-cpp\Debug\rc.command.1.tlog
C:\Users\ethan\Desktop\net-cpp\Debug\rc.read.1.tlog
C:\Users\ethan\Desktop\net-cpp\Debug\rc.write.1.tlog
C:\USERS\ETHAN\DESKTOP\NET-CPP\DEBUG\SERVER-UNIX.OBJ
C:\Users\ethan\Desktop\net-cpp\Debug\vc100.idb
C:\USERS\ETHAN\DESKTOP\NET-CPP\DEBUG\VC100.PDB
